2024-06-02 19:10:10.090 | INFO     | __main__:load_data:15 - Loading datasets...
2024-06-02 19:10:12.930 | INFO     | __main__:load_data:25 - Datasets loaded.
2024-06-02 19:10:12.936 | INFO     | __main__:model_validation:30 - Training Decision Tree models...
2024-06-02 19:12:53.552 | INFO     | __main__:load_data:15 - Loading datasets...
2024-06-02 19:12:53.568 | INFO     | __main__:load_data:25 - Datasets loaded.
2024-06-02 19:12:53.574 | INFO     | __main__:model_validation:31 - Training Decision Tree models...
2024-06-02 19:12:53.784 | INFO     | __main__:model_validation:43 - California Model Mean Absolute Error: 0.4557622892441861
2024-06-02 19:12:53.785 | INFO     | __main__:model_validation:44 - Iris Model Accuracy: 1.0
2024-06-02 19:12:55.140 | INFO     | __main__:random_forest_model:68 - Training Random Forest models...
2024-06-02 19:14:23.494 | INFO     | __main__:load_data:15 - Loading datasets...
2024-06-02 19:14:23.514 | INFO     | __main__:load_data:25 - Datasets loaded.
2024-06-02 19:14:23.519 | INFO     | __main__:model_validation:31 - Training Decision Tree models...
2024-06-02 19:14:23.733 | INFO     | __main__:model_validation:43 - California Model Mean Absolute Error: 0.4557622892441861
2024-06-02 19:14:23.733 | INFO     | __main__:model_validation:44 - Iris Model Accuracy: 1.0
2024-06-02 19:14:25.128 | INFO     | __main__:random_forest_model:69 - Training Random Forest models...
2024-06-02 19:14:36.210 | INFO     | __main__:random_forest_model:81 - Random Forest California Model Mean Absolute Error: 0.3275993549176358
2024-06-02 19:14:36.211 | INFO     | __main__:random_forest_model:82 - Random Forest Iris Model Accuracy: 1.0
2024-06-02 19:14:36.223 | INFO     | __main__:feature_engineering:86 - Performing feature engineering...
2024-06-02 19:15:41.152 | INFO     | __main__:load_data:15 - Loading datasets...
2024-06-02 19:15:41.174 | INFO     | __main__:load_data:25 - Datasets loaded.
2024-06-02 19:15:41.182 | INFO     | __main__:model_validation:31 - Training Decision Tree models...
2024-06-02 19:15:41.390 | INFO     | __main__:model_validation:43 - California Model Mean Absolute Error: 0.4557622892441861
2024-06-02 19:15:41.391 | INFO     | __main__:model_validation:44 - Iris Model Accuracy: 1.0
2024-06-02 19:15:42.406 | INFO     | __main__:random_forest_model:69 - Training Random Forest models...
2024-06-02 19:15:53.556 | INFO     | __main__:random_forest_model:81 - Random Forest California Model Mean Absolute Error: 0.3275993549176358
2024-06-02 19:15:53.557 | INFO     | __main__:random_forest_model:82 - Random Forest Iris Model Accuracy: 1.0
2024-06-02 19:15:53.573 | INFO     | __main__:feature_engineering:86 - Performing feature engineering...
2024-06-02 19:15:53.574 | INFO     | __main__:feature_engineering:88 - Feature engineering completed.
2024-06-02 19:15:53.574 | INFO     | __main__:hyperparameter_tuning:92 - Performing hyperparameter tuning...
2024-06-02 20:11:02.731 | INFO     | __main__:hyperparameter_tuning:104 - Best Hyperparameters for Random Forest:
2024-06-02 20:11:02.745 | INFO     | __main__:hyperparameter_tuning:105 - {'max_depth': None, 'min_samples_leaf': 2, 'min_samples_split': 2, 'n_estimators': 200}
2024-06-02 20:11:02.770 | INFO     | __main__:cross_validation:109 - Performing cross-validation...
2024-06-02 20:11:59.321 | INFO     | __main__:cross_validation:111 - Mean Absolute Error (Cross-Validation) - Random Forest: 0.466445519641473
2024-06-02 20:11:59.323 | INFO     | __main__:ensemble_methods:115 - Training ensemble of Random Forest models...
2024-06-02 20:12:58.183 | INFO     | __main__:ensemble_methods:125 - Ensemble Mean Absolute Error: 0.32759935491763575
2024-06-02 20:13:09.839 | INFO     | __main__:model_interpretability:129 - Printing feature importances for the Random Forest model...
2024-06-02 20:13:09.885 | INFO     | __main__:model_interpretability:132 - MedInc: 0.5250374507714012
2024-06-02 20:13:09.885 | INFO     | __main__:model_interpretability:132 - HouseAge: 0.05455772334006866
2024-06-02 20:13:09.886 | INFO     | __main__:model_interpretability:132 - AveRooms: 0.044194922413444394
2024-06-02 20:13:09.886 | INFO     | __main__:model_interpretability:132 - AveBedrms: 0.02961956224930236
2024-06-02 20:13:09.886 | INFO     | __main__:model_interpretability:132 - Population: 0.030503186662991705
2024-06-02 20:13:09.886 | INFO     | __main__:model_interpretability:132 - AveOccup: 0.13856367279657208
2024-06-02 20:13:09.887 | INFO     | __main__:model_interpretability:132 - Latitude: 0.08885463157770296
2024-06-02 20:13:09.888 | INFO     | __main__:model_interpretability:132 - Longitude: 0.08866885018851674
2024-06-02 20:13:10.181 | INFO     | __main__:deployment:147 - Deploying the final model...
2024-06-02 20:15:42.225 | INFO     | __main__:deployment:150 - Final model deployed and saved to file.
2024-06-02 20:15:42.230 | INFO     | __main__:<module>:192 - Machine Learning pipeline completed.
2024-06-02 20:18:26.517 | INFO     | __main__:load_data:28 - Loading datasets...
2024-06-02 20:18:26.536 | INFO     | __main__:load_data:38 - Datasets loaded.
2024-06-02 20:18:26.611 | INFO     | __main__:model_validation:45 - Training Decision Tree models...
2024-06-02 20:18:26.805 | INFO     | __main__:model_validation:57 - California Model Mean Absolute Error: 0.4557622892441861
2024-06-02 20:18:26.805 | INFO     | __main__:model_validation:58 - Iris Model Accuracy: 1.0
2024-06-02 20:18:27.880 | INFO     | __main__:random_forest_model:85 - Training Random Forest models...
2024-06-02 20:18:39.084 | INFO     | __main__:random_forest_model:97 - Random Forest California Model Mean Absolute Error: 0.3275993549176358
2024-06-02 20:18:39.085 | INFO     | __main__:random_forest_model:98 - Random Forest Iris Model Accuracy: 1.0
2024-06-02 20:18:39.183 | INFO     | __main__:xgboost_model:104 - Training XGBoost models...
2024-06-02 20:18:39.409 | INFO     | __main__:xgboost_model:126 - XGBoost California Model Mean Absolute Error: 0.30957335413783094
2024-06-02 20:18:39.409 | INFO     | __main__:xgboost_model:127 - XGBoost Iris Model Accuracy: 1.0
2024-06-02 20:18:39.430 | INFO     | __main__:feature_engineering:132 - Performing feature engineering...
2024-06-02 20:19:59.638 | INFO     | __main__:load_data:28 - Loading datasets...
2024-06-02 20:19:59.659 | INFO     | __main__:load_data:38 - Datasets loaded.
2024-06-02 20:19:59.780 | INFO     | __main__:model_validation:45 - Training Decision Tree models...
2024-06-02 20:19:59.988 | INFO     | __main__:model_validation:57 - California Model Mean Absolute Error: 0.4557622892441861
2024-06-02 20:19:59.989 | INFO     | __main__:model_validation:58 - Iris Model Accuracy: 1.0
2024-06-02 20:20:01.147 | INFO     | __main__:random_forest_model:85 - Training Random Forest models...
2024-06-02 20:20:12.292 | INFO     | __main__:random_forest_model:97 - Random Forest California Model Mean Absolute Error: 0.3275993549176358
2024-06-02 20:20:12.293 | INFO     | __main__:random_forest_model:98 - Random Forest Iris Model Accuracy: 1.0
2024-06-02 20:20:12.305 | INFO     | __main__:xgboost_model:104 - Training XGBoost models...
2024-06-02 20:20:12.547 | INFO     | __main__:xgboost_model:126 - XGBoost California Model Mean Absolute Error: 0.30957335413783094
2024-06-02 20:20:12.547 | INFO     | __main__:xgboost_model:127 - XGBoost Iris Model Accuracy: 1.0
2024-06-02 20:20:12.555 | INFO     | __main__:feature_engineering:132 - Performing feature engineering...
2024-06-02 20:21:21.535 | INFO     | __main__:load_data:28 - Loading datasets...
2024-06-02 20:21:21.551 | INFO     | __main__:load_data:38 - Datasets loaded.
2024-06-02 20:21:21.633 | INFO     | __main__:model_validation:45 - Training Decision Tree models...
2024-06-02 20:21:21.847 | INFO     | __main__:model_validation:57 - California Model Mean Absolute Error: 0.4557622892441861
2024-06-02 20:21:21.847 | INFO     | __main__:model_validation:58 - Iris Model Accuracy: 1.0
2024-06-02 20:21:22.907 | INFO     | __main__:random_forest_model:85 - Training Random Forest models...
2024-06-02 20:21:34.108 | INFO     | __main__:random_forest_model:97 - Random Forest California Model Mean Absolute Error: 0.3275993549176358
2024-06-02 20:21:34.108 | INFO     | __main__:random_forest_model:98 - Random Forest Iris Model Accuracy: 1.0
2024-06-02 20:21:34.156 | INFO     | __main__:xgboost_model:104 - Training XGBoost models...
2024-06-02 20:21:34.402 | INFO     | __main__:xgboost_model:126 - XGBoost California Model Mean Absolute Error: 0.30957335413783094
2024-06-02 20:21:34.403 | INFO     | __main__:xgboost_model:127 - XGBoost Iris Model Accuracy: 1.0
2024-06-02 20:21:34.413 | INFO     | __main__:feature_engineering:132 - Performing feature engineering...
2024-06-02 20:21:34.413 | INFO     | __main__:feature_engineering:137 - AveRooms or AveBedrooms not found in DataFrame.
2024-06-02 20:21:34.493 | INFO     | __main__:hyperparameter_tuning:143 - Performing hyperparameter tuning...
2024-06-02 20:22:38.313 | INFO     | __main__:load_data:28 - Loading datasets...
2024-06-02 20:22:38.327 | INFO     | __main__:load_data:38 - Datasets loaded.
2024-06-02 20:22:38.426 | INFO     | __main__:model_validation:45 - Training Decision Tree models...
2024-06-02 20:22:38.641 | INFO     | __main__:model_validation:57 - California Model Mean Absolute Error: 0.4557622892441861
2024-06-02 20:22:38.642 | INFO     | __main__:model_validation:58 - Iris Model Accuracy: 1.0
2024-06-02 20:22:39.711 | INFO     | __main__:random_forest_model:85 - Training Random Forest models...
2024-06-02 20:22:50.886 | INFO     | __main__:random_forest_model:97 - Random Forest California Model Mean Absolute Error: 0.3275993549176358
2024-06-02 20:22:50.887 | INFO     | __main__:random_forest_model:98 - Random Forest Iris Model Accuracy: 1.0
2024-06-02 20:22:50.898 | INFO     | __main__:xgboost_model:104 - Training XGBoost models...
2024-06-02 20:22:51.154 | INFO     | __main__:xgboost_model:126 - XGBoost California Model Mean Absolute Error: 0.30957335413783094
2024-06-02 20:22:51.154 | INFO     | __main__:xgboost_model:127 - XGBoost Iris Model Accuracy: 1.0
2024-06-02 20:22:51.229 | INFO     | __main__:feature_engineering:132 - Performing feature engineering...
2024-06-02 20:22:51.230 | INFO     | __main__:feature_engineering:135 - Feature engineering completed.
2024-06-02 20:22:51.314 | INFO     | __main__:hyperparameter_tuning:144 - Performing hyperparameter tuning...
2024-06-02 21:11:28.759 | INFO     | __main__:load_data:30 - Loading datasets...
2024-06-02 21:11:28.776 | INFO     | __main__:load_data:40 - Datasets loaded.
2024-06-02 21:11:28.908 | INFO     | __main__:model_validation:47 - Training Decision Tree models...
2024-06-02 21:11:29.110 | INFO     | __main__:model_validation:59 - California Model Mean Absolute Error: 0.4557622892441861
2024-06-02 21:11:29.110 | INFO     | __main__:model_validation:60 - Iris Model Accuracy: 1.0
2024-06-02 21:11:30.174 | INFO     | __main__:random_forest_model:87 - Training Random Forest models...
2024-06-02 21:11:41.766 | INFO     | __main__:random_forest_model:99 - Random Forest California Model Mean Absolute Error: 0.3275993549176358
2024-06-02 21:11:41.766 | INFO     | __main__:random_forest_model:100 - Random Forest Iris Model Accuracy: 1.0
2024-06-02 21:11:41.823 | INFO     | __main__:xgboost_model:106 - Training XGBoost models...
2024-06-02 21:11:42.096 | INFO     | __main__:xgboost_model:132 - XGBoost California Model Mean Absolute Error: 0.30957335413783094
2024-06-02 21:11:42.096 | INFO     | __main__:xgboost_model:133 - XGBoost Iris Model Accuracy: 1.0
2024-06-02 21:11:42.157 | INFO     | __main__:feature_engineering:138 - Performing feature engineering...
2024-06-02 21:11:42.158 | INFO     | __main__:feature_engineering:141 - Feature engineering completed.
2024-06-02 21:11:42.240 | INFO     | __main__:hyperparameter_tuning:149 - Performing hyperparameter tuning...
2024-06-02 21:33:09.836 | INFO     | __main__:<module>:262 - Starting Machine Learning pipeline...
2024-06-02 21:33:09.839 | INFO     | __main__:<module>:266 - Loading data...
2024-06-02 21:33:09.839 | INFO     | __main__:load_data:29 - Starting to load data...
2024-06-02 21:33:09.839 | INFO     | __main__:load_data:32 - Loading datasets...
2024-06-02 21:33:09.856 | INFO     | __main__:load_data:42 - Datasets loaded.
2024-06-02 21:33:09.856 | INFO     | __main__:load_data:43 - California dataset shape: (20640, 9)
2024-06-02 21:33:09.857 | INFO     | __main__:load_data:44 - Iris dataset shape: (150, 5)
2024-06-02 21:33:09.925 | INFO     | __main__:load_data:50 - Finished loading data.
2024-06-02 21:33:09.926 | INFO     | __main__:log_time:257 - Time taken for loading data: 0.09 seconds
2024-06-02 21:33:09.929 | INFO     | __main__:<module>:276 - Splitting data...
2024-06-02 21:33:09.932 | INFO     | __main__:<module>:284 - Validating model...
2024-06-02 21:33:09.933 | INFO     | __main__:model_validation:56 - Starting model validation...
2024-06-02 21:33:09.933 | INFO     | __main__:model_validation:58 - Training Decision Tree models...
2024-06-02 21:33:10.150 | INFO     | __main__:model_validation:70 - California Model Mean Absolute Error: 0.4557622892441861
2024-06-02 21:33:10.150 | INFO     | __main__:model_validation:71 - Iris Model Accuracy: 1.0
2024-06-02 21:33:10.151 | INFO     | __main__:model_validation:73 - Finished model validation.
2024-06-02 21:33:10.182 | INFO     | __main__:log_time:257 - Time taken for model validation: 0.25 seconds
2024-06-02 21:33:10.182 | INFO     | __main__:<module>:290 - Plotting model complexity...
2024-06-02 21:33:10.182 | INFO     | __main__:plot_model_complexity:78 - Plotting model complexity...
2024-06-02 21:33:11.282 | INFO     | __main__:<module>:295 - Training Random Forest model...
2024-06-02 21:33:11.282 | INFO     | __main__:random_forest_model:104 - Training Random Forest models...
2024-06-02 21:33:22.706 | INFO     | __main__:random_forest_model:117 - Random Forest California Model Mean Absolute Error: 0.3275993549176358
2024-06-02 21:33:22.707 | INFO     | __main__:random_forest_model:118 - Random Forest Iris Model Accuracy: 1.0
2024-06-02 21:33:22.717 | INFO     | __main__:<module>:301 - Training XGBoost model...
2024-06-02 21:33:22.718 | INFO     | __main__:xgboost_model:126 - Training XGBoost models...
2024-06-02 21:33:22.977 | INFO     | __main__:xgboost_model:152 - XGBoost California Model Mean Absolute Error: 0.30957335413783094
2024-06-02 21:33:22.977 | INFO     | __main__:xgboost_model:153 - XGBoost Iris Model Accuracy: 1.0
2024-06-02 21:33:23.054 | INFO     | __main__:<module>:306 - Performing feature engineering...
2024-06-02 21:33:23.054 | INFO     | __main__:feature_engineering:160 - Performing feature engineering...
2024-06-02 21:33:23.055 | INFO     | __main__:feature_engineering:164 - Feature engineering completed.
2024-06-02 21:33:23.056 | INFO     | __main__:feature_engineering:167 - Updated California dataset columns: Index(['MedInc', 'HouseAge', 'AveRooms', 'AveBedrms', 'Population', 'AveOccup',
       'Latitude', 'Longitude', 'TARGET', 'NEW_FEATURE'],
      dtype='object')
2024-06-02 21:33:23.140 | INFO     | __main__:<module>:310 - Tuning hyperparameters...
2024-06-02 21:33:23.140 | INFO     | __main__:hyperparameter_tuning:174 - Performing hyperparameter tuning...
2024-06-02 22:28:20.932 | INFO     | __main__:hyperparameter_tuning:187 - Best Hyperparameters for Random Forest:
2024-06-02 22:28:20.941 | INFO     | __main__:hyperparameter_tuning:188 - {'max_depth': None, 'min_samples_leaf': 2, 'min_samples_split': 2, 'n_estimators': 200}
2024-06-02 22:28:20.964 | INFO     | __main__:<module>:314 - Performing cross validation...
2024-06-02 22:28:20.966 | INFO     | __main__:cross_validation:195 - Performing cross-validation...
2024-06-02 22:29:15.218 | INFO     | __main__:cross_validation:199 - Mean Absolute Error (Cross-Validation) - Random Forest: 0.466445519641473
2024-06-02 22:29:15.273 | INFO     | __main__:<module>:318 - Training ensemble methods...
2024-06-02 22:29:15.274 | INFO     | __main__:ensemble_methods:206 - Training ensemble of Random Forest models...
2024-06-02 22:30:10.074 | INFO     | __main__:ensemble_methods:217 - Ensemble Mean Absolute Error: 0.32759935491763575
2024-06-02 22:30:10.124 | INFO     | __main__:<module>:322 - Interpreting model...
2024-06-02 22:30:20.949 | INFO     | __main__:model_interpretability:224 - Printing feature importances for the Random Forest model...
2024-06-02 22:30:20.972 | INFO     | __main__:model_interpretability:228 - MedInc: 0.5250374507714012
2024-06-02 22:30:20.972 | INFO     | __main__:model_interpretability:228 - HouseAge: 0.05455772334006866
2024-06-02 22:30:20.973 | INFO     | __main__:model_interpretability:228 - AveRooms: 0.044194922413444394
2024-06-02 22:30:20.973 | INFO     | __main__:model_interpretability:228 - AveBedrms: 0.02961956224930236
2024-06-02 22:30:20.973 | INFO     | __main__:model_interpretability:228 - Population: 0.030503186662991705
2024-06-02 22:30:20.973 | INFO     | __main__:model_interpretability:228 - AveOccup: 0.13856367279657208
2024-06-02 22:30:20.974 | INFO     | __main__:model_interpretability:228 - Latitude: 0.08885463157770296
2024-06-02 22:30:20.975 | INFO     | __main__:model_interpretability:228 - Longitude: 0.08866885018851674
2024-06-02 22:30:21.260 | INFO     | __main__:<module>:329 - Deploying model...
2024-06-02 22:30:21.261 | INFO     | __main__:deployment:246 - Deploying the final model...
2024-06-02 22:33:14.225 | INFO     | __main__:deployment:250 - Final model deployed and saved to file.
2024-06-02 22:33:14.228 | INFO     | __main__:log_time:257 - Time taken for deployment: 172.97 seconds
2024-06-02 22:33:14.228 | INFO     | __main__:<module>:337 - Machine Learning pipeline completed.
2024-06-03 06:40:17.472 | INFO     | __main__:<module>:272 - Starting Machine Learning pipeline...
2024-06-03 06:40:17.475 | INFO     | __main__:<module>:276 - Loading data...
2024-06-03 06:40:17.475 | INFO     | __main__:load_data:29 - Starting to load data...
2024-06-03 06:40:17.475 | INFO     | __main__:load_data:32 - Loading datasets...
2024-06-03 06:40:17.491 | INFO     | __main__:load_data:42 - Datasets loaded.
2024-06-03 06:40:17.491 | INFO     | __main__:load_data:43 - California dataset shape: (20640, 9)
2024-06-03 06:40:17.491 | INFO     | __main__:load_data:44 - Iris dataset shape: (150, 5)
2024-06-03 06:40:17.566 | INFO     | __main__:load_data:50 - Finished loading data.
2024-06-03 06:40:17.567 | INFO     | __main__:log_time:267 - Time taken for loading data: 0.09 seconds
2024-06-03 06:40:17.583 | INFO     | __main__:<module>:286 - Splitting data...
2024-06-03 06:40:17.587 | INFO     | __main__:<module>:294 - Validating model...
2024-06-03 06:40:17.587 | INFO     | __main__:model_validation:56 - Starting model validation...
2024-06-03 06:40:17.588 | INFO     | __main__:model_validation:58 - Training Decision Tree models...
2024-06-03 06:40:17.781 | INFO     | __main__:model_validation:70 - California Model Mean Absolute Error: 0.4557622892441861
2024-06-03 06:40:17.781 | INFO     | __main__:model_validation:71 - Iris Model Accuracy: 1.0
2024-06-03 06:40:17.781 | INFO     | __main__:model_validation:73 - Finished model validation.
2024-06-03 06:40:17.843 | INFO     | __main__:log_time:267 - Time taken for model validation: 0.26 seconds
2024-06-03 06:40:17.843 | INFO     | __main__:<module>:300 - Plotting model complexity...
2024-06-03 06:40:17.843 | INFO     | __main__:plot_model_complexity:78 - Plotting model complexity...
2024-06-03 06:40:18.976 | INFO     | __main__:<module>:305 - Training Random Forest model...
2024-06-03 06:40:18.977 | INFO     | __main__:random_forest_model:104 - Training Random Forest models...
2024-06-03 06:41:48.956 | INFO     | __main__:random_forest_model:127 - Random Forest California Model Mean Absolute Error: 0.3275553144622095
2024-06-03 06:41:49.003 | INFO     | __main__:random_forest_model:128 - Random Forest Iris Model Accuracy: 1.0
2024-06-03 06:41:49.047 | INFO     | __main__:<module>:311 - Training XGBoost model...
2024-06-03 06:41:49.056 | INFO     | __main__:xgboost_model:136 - Training XGBoost models...
2024-06-03 06:41:50.183 | INFO     | __main__:xgboost_model:162 - XGBoost California Model Mean Absolute Error: 0.30957335413783094
2024-06-03 06:41:50.183 | INFO     | __main__:xgboost_model:163 - XGBoost Iris Model Accuracy: 1.0
2024-06-03 06:41:50.219 | INFO     | __main__:<module>:316 - Performing feature engineering...
2024-06-03 06:41:50.220 | INFO     | __main__:feature_engineering:170 - Performing feature engineering...
2024-06-03 06:41:50.230 | INFO     | __main__:feature_engineering:174 - Feature engineering completed.
2024-06-03 06:41:50.230 | INFO     | __main__:feature_engineering:177 - Updated California dataset columns: Index(['MedInc', 'HouseAge', 'AveRooms', 'AveBedrms', 'Population', 'AveOccup',
       'Latitude', 'Longitude', 'TARGET', 'NEW_FEATURE'],
      dtype='object')
2024-06-03 06:41:50.307 | INFO     | __main__:<module>:320 - Tuning hyperparameters...
2024-06-03 06:41:50.308 | INFO     | __main__:hyperparameter_tuning:184 - Performing hyperparameter tuning...
2024-06-03 06:43:35.402 | INFO     | __main__:<module>:272 - Starting Machine Learning pipeline...
2024-06-03 06:43:35.405 | INFO     | __main__:<module>:276 - Loading data...
2024-06-03 06:43:35.405 | INFO     | __main__:load_data:29 - Starting to load data...
2024-06-03 06:43:35.406 | INFO     | __main__:load_data:32 - Loading datasets...
2024-06-03 06:43:35.420 | INFO     | __main__:load_data:42 - Datasets loaded.
2024-06-03 06:43:35.420 | INFO     | __main__:load_data:43 - California dataset shape: (20640, 9)
2024-06-03 06:43:35.420 | INFO     | __main__:load_data:44 - Iris dataset shape: (150, 5)
2024-06-03 06:43:35.510 | INFO     | __main__:load_data:50 - Finished loading data.
2024-06-03 06:43:35.513 | INFO     | __main__:log_time:267 - Time taken for loading data: 0.11 seconds
2024-06-03 06:43:35.561 | INFO     | __main__:<module>:286 - Splitting data...
2024-06-03 06:43:35.564 | INFO     | __main__:<module>:294 - Validating model...
2024-06-03 06:43:35.565 | INFO     | __main__:model_validation:56 - Starting model validation...
2024-06-03 06:43:35.565 | INFO     | __main__:model_validation:58 - Training Decision Tree models...
2024-06-03 06:43:35.793 | INFO     | __main__:model_validation:70 - California Model Mean Absolute Error: 0.4557622892441861
2024-06-03 06:43:35.793 | INFO     | __main__:model_validation:71 - Iris Model Accuracy: 1.0
2024-06-03 06:43:35.793 | INFO     | __main__:model_validation:73 - Finished model validation.
2024-06-03 06:43:35.820 | INFO     | __main__:log_time:267 - Time taken for model validation: 0.26 seconds
2024-06-03 06:43:35.820 | INFO     | __main__:<module>:300 - Plotting model complexity...
2024-06-03 06:43:35.820 | INFO     | __main__:plot_model_complexity:78 - Plotting model complexity...
2024-06-03 06:43:37.000 | INFO     | __main__:<module>:305 - Training Random Forest model...
2024-06-03 06:43:37.001 | INFO     | __main__:random_forest_model:104 - Training Random Forest models...
2024-06-03 06:46:49.594 | INFO     | __main__:random_forest_model:127 - Random Forest California Model Mean Absolute Error: 0.3275553144622095
2024-06-03 06:46:49.606 | INFO     | __main__:random_forest_model:128 - Random Forest Iris Model Accuracy: 1.0
2024-06-03 06:46:49.709 | INFO     | __main__:<module>:311 - Training XGBoost model...
2024-06-03 06:46:49.711 | INFO     | __main__:xgboost_model:136 - Training XGBoost models...
2024-06-03 06:46:50.523 | INFO     | __main__:xgboost_model:162 - XGBoost California Model Mean Absolute Error: 0.30957335413783094
2024-06-03 06:46:50.523 | INFO     | __main__:xgboost_model:163 - XGBoost Iris Model Accuracy: 1.0
2024-06-03 06:46:50.537 | INFO     | __main__:<module>:316 - Performing feature engineering...
2024-06-03 06:46:50.538 | INFO     | __main__:feature_engineering:170 - Performing feature engineering...
2024-06-03 06:46:50.547 | INFO     | __main__:feature_engineering:174 - Feature engineering completed.
2024-06-03 06:46:50.547 | INFO     | __main__:feature_engineering:177 - Updated California dataset columns: Index(['MedInc', 'HouseAge', 'AveRooms', 'AveBedrms', 'Population', 'AveOccup',
       'Latitude', 'Longitude', 'TARGET', 'NEW_FEATURE'],
      dtype='object')
2024-06-03 06:46:50.619 | INFO     | __main__:<module>:320 - Tuning hyperparameters...
2024-06-03 06:46:50.619 | INFO     | __main__:hyperparameter_tuning:184 - Performing hyperparameter tuning...
